2011-05-29 17:48:04 Debug: Notice (8): Undefined offset: 0 in [C:\wamp\www\grabber\cake\libs\controller\controller.php, line 1085]
2011-05-29 17:48:04 Debug: Notice (8): Undefined offset: 0 in [C:\wamp\www\grabber\cake\libs\controller\controller.php, line 1086]
2011-05-29 18:34:25 Debug: Notice (8): Undefined index: url in [C:\wamp\www\grabber\app\controllers\parse_controller.php, line 15]
2011-05-29 18:35:34 Debug: Notice (8): Undefined index: url in [C:\wamp\www\grabber\app\controllers\parse_controller.php, line 15]
2011-05-29 19:37:27 Debug: Notice (8): Undefined property: DOMNodeList::$nodeValue in [C:\wamp\www\grabber\app\controllers\parse_controller.php, line 32]
2011-05-29 20:12:39 Debug: Notice (8): Undefined property: DOMElement::$getAttribute in [C:\wamp\www\grabber\app\controllers\parse_controller.php, line 44]
2011-05-29 20:39:01 Debug: Notice (8): Undefined property: ParseController::$Channel in [C:\wamp\www\grabber\app\controllers\parse_controller.php, line 30]
2011-05-30 14:29:35 Debug: Notice (8): Undefined variable: channelId in [C:\wamp\www\grabber\app\controllers\parse_controller.php, line 36]
2011-05-30 14:29:53 Debug: Notice (8): Undefined variable: channelId in [C:\wamp\www\grabber\app\controllers\parse_controller.php, line 36]
2011-05-30 14:32:34 Debug: Notice (8): Undefined variable: channelId in [C:\wamp\www\grabber\app\controllers\parse_controller.php, line 36]
2011-05-30 14:34:33 Debug: Notice (8): Undefined variable: channelId in [C:\wamp\www\grabber\app\controllers\parse_controller.php, line 36]
2011-05-30 14:35:41 Debug: Notice (8): Undefined variable: channelId in [C:\wamp\www\grabber\app\controllers\parse_controller.php, line 36]
2011-05-30 14:40:39 Debug: Notice (8): Undefined variable: channelId in [C:\wamp\www\grabber\app\controllers\parse_controller.php, line 36]
2011-05-30 14:48:44 Debug: Notice (8): Undefined variable: channelId in [C:\wamp\www\grabber\app\controllers\parse_controller.php, line 36]
2011-05-30 15:01:02 Debug: Notice (8): Undefined variable: channelId in [C:\wamp\www\grabber\app\controllers\parse_controller.php, line 36]
2011-05-30 17:42:26 Debug: Notice (8): Undefined index: url in [C:\wamp\www\grabber\app\controllers\parse_controller.php, line 18]
2011-05-30 17:42:27 Debug: Notice (8): Undefined variable: channelId in [C:\wamp\www\grabber\app\controllers\parse_controller.php, line 36]
2011-05-30 17:42:41 Debug: Notice (8): Undefined index: url in [C:\wamp\www\grabber\app\controllers\parse_controller.php, line 18]
2011-05-30 17:42:41 Debug: Notice (8): Undefined variable: channelId in [C:\wamp\www\grabber\app\controllers\parse_controller.php, line 36]
2011-05-30 17:45:02 Debug: Notice (8): Undefined index: url in [C:\wamp\www\grabber\app\controllers\parse_controller.php, line 18]
2011-05-30 17:45:02 Debug: Notice (8): Undefined variable: channelId in [C:\wamp\www\grabber\app\controllers\parse_controller.php, line 36]
2011-05-30 17:45:20 Debug: Notice (8): Undefined index: url in [C:\wamp\www\grabber\app\controllers\parse_controller.php, line 18]
2011-05-30 17:45:20 Debug: Notice (8): Undefined variable: channelId in [C:\wamp\www\grabber\app\controllers\parse_controller.php, line 36]
2011-05-30 18:15:46 Debug: Notice (8): Undefined index: url in [C:\wamp\www\grabber\app\controllers\parse_controller.php, line 18]
2011-05-30 18:16:52 Debug: Notice (8): Undefined index: url in [C:\wamp\www\grabber\app\controllers\parse_controller.php, line 18]
2011-05-30 18:17:06 Debug: Notice (8): Undefined index: url in [C:\wamp\www\grabber\app\controllers\parse_controller.php, line 18]
2011-05-30 18:17:51 Debug: Notice (8): Undefined index: url in [C:\wamp\www\grabber\app\controllers\parse_controller.php, line 18]
2011-05-30 18:23:35 Debug: Notice (8): Undefined index: url in [C:\wamp\www\grabber\app\controllers\parse_controller.php, line 18]
2011-05-30 18:27:43 Debug: Notice (8): Undefined index: url in [C:\wamp\www\grabber\app\controllers\parse_controller.php, line 18]
2011-05-30 18:30:55 Debug: Notice (8): Undefined index: url in [C:\wamp\www\grabber\app\controllers\parse_controller.php, line 18]
2011-05-30 18:34:08 Debug: Notice (8): Undefined index: url in [C:\wamp\www\grabber\app\controllers\parse_controller.php, line 18]
2011-05-30 18:37:25 Debug: Notice (8): Undefined index: url in [C:\wamp\www\grabber\app\controllers\parse_controller.php, line 18]
2011-05-30 18:41:14 Debug: Notice (8): Undefined index: url in [C:\wamp\www\grabber\app\controllers\parse_controller.php, line 18]
2011-05-30 18:46:43 Debug: Notice (8): Undefined index: url in [C:\wamp\www\grabber\app\controllers\parse_controller.php, line 18]
2011-05-30 18:57:51 Debug: Notice (8): Undefined index: url in [C:\wamp\www\grabber\app\controllers\parse_controller.php, line 18]
2011-05-30 19:00:37 Debug: Notice (8): Undefined index: url in [C:\wamp\www\grabber\app\controllers\parse_controller.php, line 18]
2011-05-30 19:06:46 Debug: Notice (8): Undefined index: url in [C:\wamp\www\grabber\app\controllers\parse_controller.php, line 18]
2011-05-30 19:07:55 Debug: Notice (8): Undefined index: url in [C:\wamp\www\grabber\app\controllers\parse_controller.php, line 18]
2011-05-30 19:08:36 Debug: Notice (8): Undefined index: url in [C:\wamp\www\grabber\app\controllers\parse_controller.php, line 18]
2011-05-30 19:08:59 Debug: Notice (8): Undefined index: url in [C:\wamp\www\grabber\app\controllers\parse_controller.php, line 18]
2011-05-30 19:11:56 Debug: Notice (8): Undefined index: url in [C:\wamp\www\grabber\app\controllers\parse_controller.php, line 18]
2011-05-30 19:16:16 Debug: Notice (8): Undefined index: url in [C:\wamp\www\grabber\app\controllers\parse_controller.php, line 18]
2011-05-30 19:17:44 Debug: Notice (8): Undefined index: url in [C:\wamp\www\grabber\app\controllers\parse_controller.php, line 18]
